  bestgrade1.cpp
  bestgrade2.cpp
  counter1.cpp
h:\nico\game2\counter1.cpp(16): warning C4002: 类函数宏的调用“BGR”参数过多
  counter2.cpp
h:\nico\game2\counter2.cpp(9): warning C4002: 类函数宏的调用“BGR”参数过多
  define.cpp
  drop1.cpp
  drop2.cpp
  drop3.cpp
  game_begin.cpp
  game_init1.cpp
  game_init2.cpp
  hit1.cpp
h:\nico\game2\hit1.cpp(3): warning C4551: 缺少参数列表的函数调用
  hit2.cpp
h:\nico\game2\hit2.cpp(3): warning C4551: 缺少参数列表的函数调用
  hit3.cpp
h:\nico\game2\hit3.cpp(3): warning C4551: 缺少参数列表的函数调用
  load.cpp
  main.cpp
  move1.cpp
  move2.cpp
  move3.cpp
  print1.cpp
h:\nico\game2\print1.cpp(4): warning C4002: 类函数宏的调用“BGR”参数过多
  正在编译...
  print2.cpp
h:\nico\game2\print2.cpp(4): warning C4002: 类函数宏的调用“BGR”参数过多
  warning1.cpp
  warning2.cpp
  正在生成代码
  All 73 functions were compiled because no usable IPDB/IOBJ from previous compilation was found.
  已完成代码的生成
  game2.vcxproj -> H:\NICO\x64\Release\game2.exe
